Sending build context to Docker daemon 77.31 kB
Step 1 : FROM fedora:latest
 ---> b0b140824a48
Step 2 : ENV NAME docker-react-tic-tac-toe
 ---> Using cache
 ---> 23513512aab7
Step 3 : LABEL maintainer "Irina Boverman <irina.boverman@gmail.com>" summary "Docker image for react-tic-tac-toe." name "irinabov/$NAME"
 ---> Using cache
 ---> 04e9ac62c4aa
Step 4 : COPY ./build.sh /
 ---> Using cache
 ---> c08bcb25c174
Step 5 : COPY ./start.sh /
 ---> Using cache
 ---> cc3529e06c95
Step 6 : RUN ./build.sh
 ---> Using cache
 ---> 013d9d56ad80
Step 7 : WORKDIR /react-tic-tac-toe
 ---> Using cache
 ---> a33085ef5816
Step 8 : EXPOSE 8080 8888
 ---> Running in a363504b82e8
 ---> 8b466a8c9cad
Removing intermediate container a363504b82e8
Step 9 : CMD /start.sh
 ---> Running in 9c8cbdd8752c
 ---> c645e61b2a8b
Removing intermediate container 9c8cbdd8752c
Successfully built c645e61b2a8b
